1538445073750	geckodriver	INFO	Listening on 127.0.0.1:64462
1538445135805	geckodriver	INFO	Listening on 127.0.0.1:64518
1538445979366	geckodriver	INFO	Listening on 127.0.0.1:65052
1538446001885	geckodriver	INFO	Listening on 127.0.0.1:65079
1538446003001	mozprofile::profile	INFO	Using profile path /var/folders/95/xn3y_mcj26lb2h1jbdjhhll00000gn/T/rust_mozprofile.JbuAEYqkyx6r
1538446003004	geckodriver::marionette	INFO	Starting browser usr/local/bin/geckodriver.exe with args []
1538446112387	geckodriver	INFO	Listening on 127.0.0.1:65182
1538446113504	mozprofile::profile	INFO	Using profile path /var/folders/95/xn3y_mcj26lb2h1jbdjhhll00000gn/T/rust_mozprofile.IilvEmY9RSWp
1538446113507	geckodriver::marionette	INFO	Starting browser usr/local/bin/geckodriver.exe with args []
1538446124979	geckodriver	INFO	Listening on 127.0.0.1:65201
1538446126089	mozprofile::profile	INFO	Using profile path /var/folders/95/xn3y_mcj26lb2h1jbdjhhll00000gn/T/rust_mozprofile.u7NIn2Xg3m2e
1538446126093	geckodriver::marionette	INFO	Starting browser /Applications/Firefox.app/Contents/MacOS/firefox-bin with args []
1538446126113	geckodriver::marionette	INFO	Connecting to Marionette on localhost:65212
2018-10-02 02:08:47.722 plugin-container[5758:233108] *** CFMessagePort: bootstrap_register(): failed 1100 (0x44c) 'Permission denied', port = 0x7133, name = 'com.apple.tsm.portname'
See /usr/include/servers/bootstrap_defs.h for the error codes.
2018-10-02 02:08:47.969 plugin-container[5758:233108] unable to obtain configuration from file:///Library/Preferences/com.apple.ViewBridge.plist due to Error Domain=NSCocoaErrorDomain Code=257 "The file “com.apple.ViewBridge.plist” couldn’t be opened because you don’t have permission to view it." UserInfo={NSFilePath=/Library/Preferences/com.apple.ViewBridge.plist, NSUnderlyingError=0x118912070 {Error Domain=NSPOSIXErrorDomain Code=1 "Operation not permitted"}}
2018-10-02 02:08:47.972 plugin-container[5758:233119] +[NSXPCSharedListener endpointForReply:withListenerName:]: an error occurred while attempting to obtain endpoint for listener 'ClientCallsAuxiliary': Connection invalid
2018-10-02 02:08:48.079 plugin-container[5759:233136] *** CFMessagePort: bootstrap_register(): failed 1100 (0x44c) 'Permission denied', port = 0x7037, name = 'com.apple.tsm.portname'
See /usr/include/servers/bootstrap_defs.h for the error codes.
2018-10-02 02:08:48.235 plugin-container[5759:233136] unable to obtain configuration from file:///Library/Preferences/com.apple.ViewBridge.plist due to Error Domain=NSCocoaErrorDomain Code=257 "The file “com.apple.ViewBridge.plist” couldn’t be opened because you don’t have permission to view it." UserInfo={NSFilePath=/Library/Preferences/com.apple.ViewBridge.plist, NSUnderlyingError=0x1085e4940 {Error Domain=NSPOSIXErrorDomain Code=1 "Operation not permitted"}}
2018-10-02 02:08:48.238 plugin-container[5759:233143] +[NSXPCSharedListener endpointForReply:withListenerName:]: an error occurred while attempting to obtain endpoint for listener 'ClientCallsAuxiliary': Connection invalid
1538446128453	Marionette	INFO	Listening on port 2828
2018-10-02 02:08:48.811 plugin-container[5760:233262] *** CFMessagePort: bootstrap_register(): failed 1100 (0x44c) 'Permission denied', port = 0x753b, name = 'com.apple.tsm.portname'
See /usr/include/servers/bootstrap_defs.h for the error codes.
2018-10-02 02:08:48.905 plugin-container[5760:233262] unable to obtain configuration from file:///Library/Preferences/com.apple.ViewBridge.plist due to Error Domain=NSCocoaErrorDomain Code=257 "The file “com.apple.ViewBridge.plist” couldn’t be opened because you don’t have permission to view it." UserInfo={NSFilePath=/Library/Preferences/com.apple.ViewBridge.plist, NSUnderlyingError=0x1135ea370 {Error Domain=NSPOSIXErrorDomain Code=1 "Operation not permitted"}}
2018-10-02 02:08:48.907 plugin-container[5760:233272] +[NSXPCSharedListener endpointForReply:withListenerName:]: an error occurred while attempting to obtain endpoint for listener 'ClientCallsAuxiliary': Connection invalid
1538446208388	geckodriver	INFO	Listening on 127.0.0.1:50098
1538446209506	mozprofile::profile	INFO	Using profile path /var/folders/95/xn3y_mcj26lb2h1jbdjhhll00000gn/T/rust_mozprofile.6K6UlC61Ek9m
1538446209510	geckodriver::marionette	INFO	Starting browser /Applications/Firefox.app/Contents/MacOS/firefox-bin with args []
1538446209515	geckodriver::marionette	INFO	Connecting to Marionette on localhost:50109
2018-10-02 02:10:11.160 plugin-container[5780:234273] *** CFMessagePort: bootstrap_register(): failed 1100 (0x44c) 'Permission denied', port = 0x9137, name = 'com.apple.tsm.portname'
See /usr/include/servers/bootstrap_defs.h for the error codes.
2018-10-02 02:10:11.309 plugin-container[5780:234273] unable to obtain configuration from file:///Library/Preferences/com.apple.ViewBridge.plist due to Error Domain=NSCocoaErrorDomain Code=257 "The file “com.apple.ViewBridge.plist” couldn’t be opened because you don’t have permission to view it." UserInfo={NSFilePath=/Library/Preferences/com.apple.ViewBridge.plist, NSUnderlyingError=0x10fcc3730 {Error Domain=NSPOSIXErrorDomain Code=1 "Operation not permitted"}}
2018-10-02 02:10:11.314 plugin-container[5780:234274] +[NSXPCSharedListener endpointForReply:withListenerName:]: an error occurred while attempting to obtain endpoint for listener 'ClientCallsAuxiliary': Connection invalid
2018-10-02 02:10:11.390 plugin-container[5781:234297] *** CFMessagePort: bootstrap_register(): failed 1100 (0x44c) 'Permission denied', port = 0x7243, name = 'com.apple.tsm.portname'
See /usr/include/servers/bootstrap_defs.h for the error codes.
2018-10-02 02:10:11.522 plugin-container[5781:234297] unable to obtain configuration from file:///Library/Preferences/com.apple.ViewBridge.plist due to Error Domain=NSCocoaErrorDomain Code=257 "The file “com.apple.ViewBridge.plist” couldn’t be opened because you don’t have permission to view it." UserInfo={NSFilePath=/Library/Preferences/com.apple.ViewBridge.plist, NSUnderlyingError=0x10e6e6580 {Error Domain=NSPOSIXErrorDomain Code=1 "Operation not permitted"}}
2018-10-02 02:10:11.525 plugin-container[5781:234315] +[NSXPCSharedListener endpointForReply:withListenerName:]: an error occurred while attempting to obtain endpoint for listener 'ClientCallsAuxiliary': Connection invalid
1538446211624	Marionette	FATAL	Remote protocol server failed to start: Error: Could not bind to port 2828 (NS_ERROR_SOCKET_ADDRESS_IN_USE) (chrome://marionette/content/server.js:88:17) JS Stack trace: set acceptConnections@server.js:88:17
start@server.js:119:5
init/<@marionette.js:439:9
1538446211640	addons.xpi	WARN	Exception running bootstrap method shutdown on activity-stream@mozilla.org: TypeError: setting getter-only property "_currentSearchHostname" (resource://activity-stream/lib/TopSitesFeed.jsm:86:5) JS Stack trace: uninit@TopSitesFeed.jsm:86:5
onAction@TopSitesFeed.jsm:707:9
_middleware/</<@Store.jsm:51:11
Store/this[method]@Store.jsm:29:55
uninit@Store.jsm:170:7
uninit@ActivityStream.jsm:363:5
uninit@resource://gre/modules/addons/XPIProvider.jsm -> jar:file:///Applications/Firefox.app/Contents/Resources/browser/features/activity-stream@bootstrap.js:86:5
shutdown@resource://gre/modules/addons/XPIProvider.jsm -> jar:file:///Applications/Firefox.app/Contents/Resources/browser/features/activity-stream@bootstrap.js:194:3
callBootstrapMethod@XPIProvider.jsm:1592:20
_shutdown@XPIProvider.jsm:1728:12
observe@AsyncShutdown.jsm:541:9
init/<@marionette.js:444:11
JavaScript error: resource:///modules/SavantShieldStudy.jsm, line 171: TypeError: this.addonListener is undefined
console.error: (new Error("Connection closed before committing the transaction.", "resource://gre/modules/Sqlite.jsm", 632))
JavaScript error: jar:file:///Applications/Firefox.app/Contents/Resources/omni.ja!/components/nsUrlClassifierListManager.js, line 321: NS_ERROR_NOT_INITIALIZED: Component returned failure code: 0xc1f30001 (NS_ERROR_NOT_INITIALIZED) [nsIUrlClassifierDBService.getTables]
JavaScript error: jar:file:///Applications/Firefox.app/Contents/Resources/omni.ja!/components/nsUrlClassifierListManager.js, line 321: NS_ERROR_NOT_INITIALIZED: Component returned failure code: 0xc1f30001 (NS_ERROR_NOT_INITIALIZED) [nsIUrlClassifierDBService.getTables]
JavaScript error: resource://gre/modules/JSONFile.jsm, line 159: Error: Data is not ready.
JavaScript error: resource://gre/modules/JSONFile.jsm, line 159: Error: Data is not ready.
JavaScript error: resource://gre/modules/JSONFile.jsm, line 159: Error: Data is not ready.
JavaScript error: resource://gre/modules/osfile/osfile_async_front.jsm, line 408: Error: OS.File has been shut down. Rejecting post to DirectoryIterator_prototype_close
JavaScript error: resource://gre/modules/osfile/osfile_async_front.jsm, line 408: Error: OS.File has been shut down. Rejecting post to DirectoryIterator_prototype_close
JavaScript error: resource://gre/modules/ProfileAge.jsm, line 197: Error: Unable to fetch oldest profile entry: Error: OS.File has been shut down. Rejecting request to DirectoryIterator_prototype_next
JavaScript error: resource://gre/modules/ProfileAge.jsm, line 197: Error: Unable to fetch oldest profile entry: Error: OS.File has been shut down. Rejecting post to DirectoryIterator_prototype_next
1538446259172	Marionette	INFO	Stopped listening on port 2828
1538446276866	mozrunner::runner	INFO	Running command: "/Applications/Firefox.app/Contents/MacOS/firefox-bin" "-marionette" "-foreground" "-no-remote" "-profile" "/var/folders/95/xn3y_mcj26lb2h1jbdjhhll00000gn/T/rust_mozprofile.jaGJT7h7kfRu"
2018-10-02 02:11:18.254 plugin-container[5800:235387] *** CFMessagePort: bootstrap_register(): failed 1100 (0x44c) 'Permission denied', port = 0x8733, name = 'com.apple.tsm.portname'
See /usr/include/servers/bootstrap_defs.h for the error codes.
2018-10-02 02:11:18.590 plugin-container[5800:235387] unable to obtain configuration from file:///Library/Preferences/com.apple.ViewBridge.plist due to Error Domain=NSCocoaErrorDomain Code=257 "The file “com.apple.ViewBridge.plist” couldn’t be opened because you don’t have permission to view it." UserInfo={NSFilePath=/Library/Preferences/com.apple.ViewBridge.plist, NSUnderlyingError=0x11c286790 {Error Domain=NSPOSIXErrorDomain Code=1 "Operation not permitted"}}
2018-10-02 02:11:18.593 plugin-container[5800:235392] +[NSXPCSharedListener endpointForReply:withListenerName:]: an error occurred while attempting to obtain endpoint for listener 'ClientCallsAuxiliary': Connection invalid
2018-10-02 02:11:18.651 plugin-container[5801:235413] *** CFMessagePort: bootstrap_register(): failed 1100 (0x44c) 'Permission denied', port = 0x8c43, name = 'com.apple.tsm.portname'
See /usr/include/servers/bootstrap_defs.h for the error codes.
2018-10-02 02:11:18.806 plugin-container[5801:235413] unable to obtain configuration from file:///Library/Preferences/com.apple.ViewBridge.plist due to Error Domain=NSCocoaErrorDomain Code=257 "The file “com.apple.ViewBridge.plist” couldn’t be opened because you don’t have permission to view it." UserInfo={NSFilePath=/Library/Preferences/com.apple.ViewBridge.plist, NSUnderlyingError=0x105ae35b0 {Error Domain=NSPOSIXErrorDomain Code=1 "Operation not permitted"}}
2018-10-02 02:11:18.809 plugin-container[5801:235421] +[NSXPCSharedListener endpointForReply:withListenerName:]: an error occurred while attempting to obtain endpoint for listener 'ClientCallsAuxiliary': Connection invalid
1538446278935	Marionette	INFO	Listening on port 51382
1538446279016	Marionette	WARN	TLS certificate errors will be ignored for this session
1538446279059	Marionette	DEBUG	[4294967297] Frame script loaded
1538446279060	Marionette	DEBUG	[4294967297] Frame script registered
1538446279077	Marionette	DEBUG	[4294967297] Received DOM event beforeunload for about:blank
2018-10-02 02:11:19.474 plugin-container[5802:235567] *** CFMessagePort: bootstrap_register(): failed 1100 (0x44c) 'Permission denied', port = 0x773b, name = 'com.apple.tsm.portname'
See /usr/include/servers/bootstrap_defs.h for the error codes.
2018-10-02 02:11:19.609 plugin-container[5802:235567] unable to obtain configuration from file:///Library/Preferences/com.apple.ViewBridge.plist due to Error Domain=NSCocoaErrorDomain Code=257 "The file “com.apple.ViewBridge.plist” couldn’t be opened because you don’t have permission to view it." UserInfo={NSFilePath=/Library/Preferences/com.apple.ViewBridge.plist, NSUnderlyingError=0x10bee9340 {Error Domain=NSPOSIXErrorDomain Code=1 "Operation not permitted"}}
2018-10-02 02:11:19.612 plugin-container[5802:235569] +[NSXPCSharedListener endpointForReply:withListenerName:]: an error occurred while attempting to obtain endpoint for listener 'ClientCallsAuxiliary': Connection invalid
1538446282362	Marionette	DEBUG	[4294967297] Received DOM event pagehide for about:blank
1538446283510	Marionette	DEBUG	[4294967297] Received DOM event DOMContentLoaded for https://www.ctbcbank.com/CTCBPortalWeb/appmanager/ebank/rb?_nfpb=true&_pageLabel=TW_RB_CM_ebank_018001&_windowLabel=T31400173241287027448950&_nffvid=%2FCTCBPortalWeb%2Fpages%2FexchangeRate%2FexchangeRate.faces&firstView=true
1538446284216	Marionette	DEBUG	[4294967297] Received DOM event pageshow for https://www.ctbcbank.com/CTCBPortalWeb/appmanager/ebank/rb?_nfpb=true&_pageLabel=TW_RB_CM_ebank_018001&_windowLabel=T31400173241287027448950&_nffvid=%2FCTCBPortalWeb%2Fpages%2FexchangeRate%2FexchangeRate.faces&firstView=true
1538446284278	Marionette	INFO	Stopped listening on port 51382
1538446481588	mozrunner::runner	INFO	Running command: "/Applications/Firefox.app/Contents/MacOS/firefox-bin" "-marionette" "-headless" "-foreground" "-no-remote" "-profile" "/var/folders/95/xn3y_mcj26lb2h1jbdjhhll00000gn/T/rust_mozprofile.kvB7L2ptFkZl"
*** You are running in headless mode.
2018-10-02 02:14:42.959 plugin-container[5863:238244] *** CFMessagePort: bootstrap_register(): failed 1100 (0x44c) 'Permission denied', port = 0x7d3b, name = 'com.apple.tsm.portname'
See /usr/include/servers/bootstrap_defs.h for the error codes.
2018-10-02 02:14:43.132 plugin-container[5863:238244] unable to obtain configuration from file:///Library/Preferences/com.apple.ViewBridge.plist due to Error Domain=NSCocoaErrorDomain Code=257 "The file “com.apple.ViewBridge.plist” couldn’t be opened because you don’t have permission to view it." UserInfo={NSFilePath=/Library/Preferences/com.apple.ViewBridge.plist, NSUnderlyingError=0x11a8140d0 {Error Domain=NSPOSIXErrorDomain Code=1 "Operation not permitted"}}
2018-10-02 02:14:43.136 plugin-container[5863:238245] +[NSXPCSharedListener endpointForReply:withListenerName:]: an error occurred while attempting to obtain endpoint for listener 'ClientCallsAuxiliary': Connection invalid
2018-10-02 02:14:43.159 plugin-container[5864:238266] *** CFMessagePort: bootstrap_register(): failed 1100 (0x44c) 'Permission denied', port = 0x8a37, name = 'com.apple.tsm.portname'
See /usr/include/servers/bootstrap_defs.h for the error codes.
2018-10-02 02:14:43.288 plugin-container[5864:238266] unable to obtain configuration from file:///Library/Preferences/com.apple.ViewBridge.plist due to Error Domain=NSCocoaErrorDomain Code=257 "The file “com.apple.ViewBridge.plist” couldn’t be opened because you don’t have permission to view it." UserInfo={NSFilePath=/Library/Preferences/com.apple.ViewBridge.plist, NSUnderlyingError=0x1091e3580 {Error Domain=NSPOSIXErrorDomain Code=1 "Operation not permitted"}}
2018-10-02 02:14:43.291 plugin-container[5864:238273] +[NSXPCSharedListener endpointForReply:withListenerName:]: an error occurred while attempting to obtain endpoint for listener 'ClientCallsAuxiliary': Connection invalid
1538446483456	Marionette	INFO	Listening on port 51552
1538446483539	Marionette	WARN	TLS certificate errors will be ignored for this session
1538446483577	Marionette	DEBUG	[4294967297] Frame script loaded
1538446483588	Marionette	DEBUG	[4294967297] Frame script registered
1538446483627	Marionette	DEBUG	[4294967297] Received DOM event beforeunload for about:blank
2018-10-02 02:14:43.787 plugin-container[5866:238390] *** CFMessagePort: bootstrap_register(): failed 1100 (0x44c) 'Permission denied', port = 0x7843, name = 'com.apple.tsm.portname'
See /usr/include/servers/bootstrap_defs.h for the error codes.
2018-10-02 02:14:43.883 plugin-container[5866:238390] unable to obtain configuration from file:///Library/Preferences/com.apple.ViewBridge.plist due to Error Domain=NSCocoaErrorDomain Code=257 "The file “com.apple.ViewBridge.plist” couldn’t be opened because you don’t have permission to view it." UserInfo={NSFilePath=/Library/Preferences/com.apple.ViewBridge.plist, NSUnderlyingError=0x1094e9370 {Error Domain=NSPOSIXErrorDomain Code=1 "Operation not permitted"}}
2018-10-02 02:14:43.886 plugin-container[5866:238391] +[NSXPCSharedListener endpointForReply:withListenerName:]: an error occurred while attempting to obtain endpoint for listener 'ClientCallsAuxiliary': Connection invalid
1538446485972	Marionette	DEBUG	[4294967297] Received DOM event pagehide for about:blank
1538446486688	Marionette	DEBUG	[4294967297] Received DOM event DOMContentLoaded for https://www.ctbcbank.com/CTCBPortalWeb/appmanager/ebank/rb?_nfpb=true&_pageLabel=TW_RB_CM_ebank_018001&_windowLabel=T31400173241287027448950&_nffvid=%2FCTCBPortalWeb%2Fpages%2FexchangeRate%2FexchangeRate.faces&firstView=true
1538446487103	Marionette	DEBUG	[4294967297] Received DOM event pageshow for https://www.ctbcbank.com/CTCBPortalWeb/appmanager/ebank/rb?_nfpb=true&_pageLabel=TW_RB_CM_ebank_018001&_windowLabel=T31400173241287027448950&_nffvid=%2FCTCBPortalWeb%2Fpages%2FexchangeRate%2FexchangeRate.faces&firstView=true
1538446487141	Marionette	INFO	Stopped listening on port 51552
1538446497824	mozrunner::runner	INFO	Running command: "/Applications/Firefox.app/Contents/MacOS/firefox-bin" "-marionette" "-headless" "-foreground" "-no-remote" "-profile" "/var/folders/95/xn3y_mcj26lb2h1jbdjhhll00000gn/T/rust_mozprofile.jaecrd9Rz3FF"
*** You are running in headless mode.
2018-10-02 02:14:59.181 plugin-container[5873:238717] *** CFMessagePort: bootstrap_register(): failed 1100 (0x44c) 'Permission denied', port = 0x763b, name = 'com.apple.tsm.portname'
See /usr/include/servers/bootstrap_defs.h for the error codes.
2018-10-02 02:14:59.418 plugin-container[5873:238717] unable to obtain configuration from file:///Library/Preferences/com.apple.ViewBridge.plist due to Error Domain=NSCocoaErrorDomain Code=257 "The file “com.apple.ViewBridge.plist” couldn’t be opened because you don’t have permission to view it." UserInfo={NSFilePath=/Library/Preferences/com.apple.ViewBridge.plist, NSUnderlyingError=0x1039f8c10 {Error Domain=NSPOSIXErrorDomain Code=1 "Operation not permitted"}}
2018-10-02 02:14:59.421 plugin-container[5873:238727] +[NSXPCSharedListener endpointForReply:withListenerName:]: an error occurred while attempting to obtain endpoint for listener 'ClientCallsAuxiliary': Connection invalid
2018-10-02 02:14:59.516 plugin-container[5874:238740] *** CFMessagePort: bootstrap_register(): failed 1100 (0x44c) 'Permission denied', port = 0x7637, name = 'com.apple.tsm.portname'
See /usr/include/servers/bootstrap_defs.h for the error codes.
2018-10-02 02:14:59.649 plugin-container[5874:238740] unable to obtain configuration from file:///Library/Preferences/com.apple.ViewBridge.plist due to Error Domain=NSCocoaErrorDomain Code=257 "The file “com.apple.ViewBridge.plist” couldn’t be opened because you don’t have permission to view it." UserInfo={NSFilePath=/Library/Preferences/com.apple.ViewBridge.plist, NSUnderlyingError=0x105ce2940 {Error Domain=NSPOSIXErrorDomain Code=1 "Operation not permitted"}}
2018-10-02 02:14:59.653 plugin-container[5874:238758] +[NSXPCSharedListener endpointForReply:withListenerName:]: an error occurred while attempting to obtain endpoint for listener 'ClientCallsAuxiliary': Connection invalid
1538446499777	Marionette	INFO	Listening on port 51614
1538446499894	Marionette	WARN	TLS certificate errors will be ignored for this session
1538446499955	Marionette	DEBUG	[4294967297] Frame script loaded
1538446499957	Marionette	DEBUG	[4294967297] Frame script registered
1538446499981	Marionette	DEBUG	[4294967297] Received DOM event beforeunload for about:blank
2018-10-02 02:15:00.133 plugin-container[5875:238838] *** CFMessagePort: bootstrap_register(): failed 1100 (0x44c) 'Permission denied', port = 0x6d3b, name = 'com.apple.tsm.portname'
See /usr/include/servers/bootstrap_defs.h for the error codes.
2018-10-02 02:15:00.231 plugin-container[5875:238838] unable to obtain configuration from file:///Library/Preferences/com.apple.ViewBridge.plist due to Error Domain=NSCocoaErrorDomain Code=257 "The file “com.apple.ViewBridge.plist” couldn’t be opened because you don’t have permission to view it." UserInfo={NSFilePath=/Library/Preferences/com.apple.ViewBridge.plist, NSUnderlyingError=0x109ee9130 {Error Domain=NSPOSIXErrorDomain Code=1 "Operation not permitted"}}
2018-10-02 02:15:00.233 plugin-container[5875:238847] +[NSXPCSharedListener endpointForReply:withListenerName:]: an error occurred while attempting to obtain endpoint for listener 'ClientCallsAuxiliary': Connection invalid
1538446500435	Marionette	DEBUG	[4294967297] Received DOM event pagehide for about:blank
1538446501484	Marionette	DEBUG	[4294967297] Received DOM event DOMContentLoaded for https://www.ctbcbank.com/CTCBPortalWeb/appmanager/ebank/rb?_nfpb=true&_pageLabel=TW_RB_CM_ebank_018001&_windowLabel=T31400173241287027448950&_nffvid=%2FCTCBPortalWeb%2Fpages%2FexchangeRate%2FexchangeRate.faces&firstView=true
1538446501720	Marionette	DEBUG	[4294967297] Received DOM event pageshow for https://www.ctbcbank.com/CTCBPortalWeb/appmanager/ebank/rb?_nfpb=true&_pageLabel=TW_RB_CM_ebank_018001&_windowLabel=T31400173241287027448950&_nffvid=%2FCTCBPortalWeb%2Fpages%2FexchangeRate%2FexchangeRate.faces&firstView=true
1538446501962	Marionette	INFO	Stopped listening on port 51614
